#
# There is insufficient memory for the Java Runtime Environment to continue.
# Native memory allocation (mmap) failed to map 62914560 bytes. Error detail: G1 virtual space
# Possible reasons:
#   The system is out of physical RAM or swap space
#   This process is running with CompressedOops enabled, and the Java Heap may be blocking the growth of the native heap
# Possible solutions:
#   Reduce memory load on the system
#   Increase physical memory or swap space
#   Check if swap backing store is full
#   Decrease Java heap size (-Xmx/-Xms)
#   Decrease number of Java threads
#   Decrease Java thread stack sizes (-Xss)
#   Set larger code cache with -XX:ReservedCodeCacheSize=
#   JVM is running with Zero Based Compressed Oops mode in which the Java heap is
#     placed in the first 32GB address space. The Java Heap base address is the
#     maximum limit for the native heap growth. Please use -XX:HeapBaseMinAddress
#     to set the Java Heap base and to place the Java Heap above 32GB virtual address.
# This output file may be truncated or incomplete.
#
#  Out of Memory Error (os_windows.cpp:3898), pid=12056, tid=6448
#
# JRE version: OpenJDK Runtime Environment (21.0.7) (build 21.0.7+-13880790-b1038.58)
# Java VM: OpenJDK 64-Bit Server VM (21.0.7+-13880790-b1038.58, mixed mode, tiered, compressed oops, compressed class ptrs, g1 gc, windows-amd64)
# No core dump will be written. Minidumps are not enabled by default on client versions of Windows
#

---------------  S U M M A R Y ------------

Command Line: org.jetbrains.kotlin.cli.jvm.K2JVMCompiler @D:\immunify-PAPB-\app\build\20251110_15797076366578882198.compiler.options

Host: 12th Gen Intel(R) Core(TM) i5-12500H, 16 cores, 23G,  Windows 11 , 64 bit Build 22621 (10.0.22621.4830)
Time: Mon Nov 10 21:22:03 2025 SE Asia Standard Time elapsed time: 26.558286 seconds (0d 0h 0m 26s)

---------------  T H R E A D  ---------------

Current thread (0x000002393a8611b0):  VMThread "VM Thread"          [id=6448, stack(0x000000b3d9300000,0x000000b3d9400000) (1024K)]

Stack: [0x000000b3d9300000,0x000000b3d9400000]
Native frames: (J=compiled Java code, j=interpreted, Vv=VM code, C=native code)
V  [jvm.dll+0x6d25c9]
V  [jvm.dll+0x860923]
V  [jvm.dll+0x862e7e]
V  [jvm.dll+0x863563]
V  [jvm.dll+0x27f156]
V  [jvm.dll+0x6ceee5]
V  [jvm.dll+0x6c29aa]
V  [jvm.dll+0x355ebb]
V  [jvm.dll+0x35db16]
V  [jvm.dll+0x3afb16]
V  [jvm.dll+0x3afde8]
V  [jvm.dll+0x32855c]
V  [jvm.dll+0x3285e7]
V  [jvm.dll+0x36e47c]
V  [jvm.dll+0x36cc2e]
V  [jvm.dll+0x327cb1]
V  [jvm.dll+0x36c330]
V  [jvm.dll+0x8692e8]
V  [jvm.dll+0x86a664]
V  [jvm.dll+0x86aba0]
V  [jvm.dll+0x86ae33]
V  [jvm.dll+0x808d08]
V  [jvm.dll+0x6d0e1d]
C  [ucrtbase.dll+0x29333]
C  [KERNEL32.DLL+0x1259d]
C  [ntdll.dll+0x5af38]

VM_Operation (0x000000b3d8cfb230): G1CollectForAllocation, mode: safepoint, requested by thread 0x000002391b771ae0


---------------  P R O C E S S  ---------------

Threads class SMR info:
_java_thread_list=0x00000239466cbb70, length=16, elements={
0x000002391b771ae0, 0x000002393ac36850, 0x000002393ac38ba0, 0x000002393ac60df0,
0x000002393ac812d0, 0x000002393ac62860, 0x000002393ac632c0, 0x000002393ac63d20,
0x000002393ac83d40, 0x000002393ac86920, 0x000002393ae114f0, 0x0000023946aefa40,
0x0000023946af0110, 0x00000239480337d0, 0x00000239480360b0, 0x00000239402aad90
}

Java Threads: ( => current thread )
  0x000002391b771ae0 JavaThread "main"                              [_thread_blocked, id=3668, stack(0x000000b3d8c00000,0x000000b3d8d00000) (1024K)]
  0x000002393ac36850 JavaThread "Common-Cleaner"             daemon [_thread_blocked, id=14472, stack(0x000000b3d9400000,0x000000b3d9500000) (1024K)]
  0x000002393ac38ba0 JavaThread "Reference Handler"          daemon [_thread_blocked, id=12872, stack(0x000000b3d9500000,0x000000b3d9600000) (1024K)]
  0x000002393ac60df0 JavaThread "Finalizer"                  daemon [_thread_blocked, id=16644, stack(0x000000b3d9600000,0x000000b3d9700000) (1024K)]
  0x000002393ac812d0 JavaThread "Signal Dispatcher"          daemon [_thread_blocked, id=25356, stack(0x000000b3d9700000,0x000000b3d9800000) (1024K)]
  0x000002393ac62860 JavaThread "Attach Listener"            daemon [_thread_blocked, id=18084, stack(0x000000b3d9800000,0x000000b3d9900000) (1024K)]
  0x000002393ac632c0 JavaThread "Service Thread"             daemon [_thread_blocked, id=1412, stack(0x000000b3d9900000,0x000000b3d9a00000) (1024K)]
  0x000002393ac63d20 JavaThread "Monitor Deflation Thread"   daemon [_thread_blocked, id=18784, stack(0x000000b3d9a00000,0x000000b3d9b00000) (1024K)]
  0x000002393ac83d40 JavaThread "C2 CompilerThread0"         daemon [_thread_blocked, id=23416, stack(0x000000b3d9b00000,0x000000b3d9c00000) (1024K)]
  0x000002393ac86920 JavaThread "C1 CompilerThread0"         daemon [_thread_blocked, id=25976, stack(0x000000b3d9c00000,0x000000b3d9d00000) (1024K)]
  0x000002393ae114f0 JavaThread "Notification Thread"        daemon [_thread_blocked, id=776, stack(0x000000b3d9e00000,0x000000b3d9f00000) (1024K)]
  0x0000023946aefa40 JavaThread "C2 CompilerThread1"         daemon [_thread_in_native, id=8676, stack(0x000000b3d9f00000,0x000000b3da000000) (1024K)]
  0x0000023946af0110 JavaThread "C2 CompilerThread2"         daemon [_thread_blocked, id=12876, stack(0x000000b3da000000,0x000000b3da100000) (1024K)]
  0x00000239480337d0 JavaThread "C2 CompilerThread3"         daemon [_thread_blocked, id=3308, stack(0x000000b3dad00000,0x000000b3dae00000) (1024K)]
  0x00000239480360b0 JavaThread "C2 CompilerThread4"         daemon [_thread_blocked, id=10560, stack(0x000000b3daf00000,0x000000b3db000000) (1024K)]
  0x00000239402aad90 JavaThread "C1 CompilerThread1"         daemon [_thread_blocked, id=26004, stack(0x000000b3d9d00000,0x000000b3d9e00000) (1024K)]
Total: 16

Other Threads:
=>0x000002393a8611b0 VMThread "VM Thread"                           [id=6448, stack(0x000000b3d9300000,0x000000b3d9400000) (1024K)]
  0x000002393a81a980 WatcherThread "VM Periodic Task Thread"        [id=25656, stack(0x000000b3d9200000,0x000000b3d9300000) (1024K)]
  0x000002391daf0380 WorkerThread "GC Thread#0"                     [id=25752, stack(0x000000b3d8d00000,0x000000b3d8e00000) (1024K)]
  0x000002393f580f80 WorkerThread "GC Thread#1"                     [id=3392, stack(0x000000b3da300000,0x000000b3da400000) (1024K)]
  0x000002393f581320 WorkerThread "GC Thread#2"                     [id=20104, stack(0x000000b3da400000,0x000000b3da500000) (1024K)]
  0x000002393f5cc7a0 WorkerThread "GC Thread#3"                     [id=23844, stack(0x000000b3da500000,0x000000b3da600000) (1024K)]
  0x000002393f5ccb40 WorkerThread "GC Thread#4"                     [id=14428, stack(0x000000b3da600000,0x000000b3da700000) (1024K)]
  0x000002393f5d0ef0 WorkerThread "GC Thread#5"                     [id=20148, stack(0x000000b3da700000,0x000000b3da800000) (1024K)]
  0x000002393f5d22b0 WorkerThread "GC Thread#6"                     [id=16188, stack(0x000000b3da800000,0x000000b3da900000) (1024K)]
  0x000002393f5b8d00 WorkerThread "GC Thread#7"                     [id=14368, stack(0x000000b3da900000,0x000000b3daa00000) (1024K)]
  0x000002393f5b90a0 WorkerThread "GC Thread#8"                     [id=20408, stack(0x000000b3daa00000,0x000000b3dab00000) (1024K)]
  0x000002393fe1f6b0 WorkerThread "GC Thread#9"                     [id=2196, stack(0x000000b3dae00000,0x000000b3daf00000) (1024K)]
  0x000002393fe1ebd0 WorkerThread "GC Thread#10"                    [id=3648, stack(0x000000b3db100000,0x000000b3db200000) (1024K)]
  0x0000023942eccee0 WorkerThread "GC Thread#11"                    [id=8440, stack(0x000000b3db200000,0x000000b3db300000) (1024K)]
  0x0000023942ecfe00 WorkerThread "GC Thread#12"                    [id=15816, stack(0x000000b3db300000,0x000000b3db400000) (1024K)]
  0x000002391dafd900 ConcurrentGCThread "G1 Main Marker"            [id=20704, stack(0x000000b3d8e00000,0x000000b3d8f00000) (1024K)]
  0x000002391dafe400 WorkerThread "G1 Conc#0"                       [id=21960, stack(0x000000b3d8f00000,0x000000b3d9000000) (1024K)]
  0x000002393f5b8960 WorkerThread "G1 Conc#1"                       [id=9272, stack(0x000000b3dab00000,0x000000b3dac00000) (1024K)]
  0x000002393f5b97e0 WorkerThread "G1 Conc#2"                       [id=10172, stack(0x000000b3dac00000,0x000000b3dad00000) (1024K)]
  0x000002393a6ec180 ConcurrentGCThread "G1 Refine#0"               [id=20460, stack(0x000000b3d9000000,0x000000b3d9100000) (1024K)]
  0x000002393a6eccf0 ConcurrentGCThread "G1 Service"                [id=24368, stack(0x000000b3d9100000,0x000000b3d9200000) (1024K)]
Total: 21

Threads with active compile tasks:
C2 CompilerThread0  26587 24004       4       org.jetbrains.kotlin.codegen.inline.MethodInliner::markPlacesForInlineAndRemoveInlinable (1330 bytes)
C2 CompilerThread1  26587 23948       4       org.jetbrains.kotlin.codegen.optimization.RedundantNopsCleanupMethodTransformer::transform (115 bytes)
C2 CompilerThread2  26587 23908       4       org.jetbrains.kotlin.codegen.inline.MethodInliner$doInline$lambdaInliner$1::visitMethodInsn (1742 bytes)
C2 CompilerThread3  26587 24011       4       org.jetbrains.kotlin.backend.jvm.codegen.ExpressionCodegen::visitCall (1041 bytes)
C2 CompilerThread4  26587 24002   !   4       org.jetbrains.kotlin.codegen.inline.MethodInliner::preprocessNodeBeforeInline (293 bytes)
Total: 5

VM state: at safepoint (normal execution)

VM Mutex/Monitor currently owned by a thread:  ([mutex/lock_event])
[0x00007ff860aa1468] Threads_lock - owner thread: 0x000002393a8611b0
[0x00007ff860aa1568] Heap_lock - owner thread: 0x000002391b771ae0

Heap address: 0x0000000684c00000, size: 6068 MB, Compressed Oops mode: Zero based, Oop shift amount: 3

CDS archive(s) not mapped
Compressed class space mapped at: 0x0000000800000000-0x0000000840000000, reserved size: 1073741824
Narrow klass base: 0x0000000800000000, Narrow klass shift: 0, Narrow klass range: 0x40000000

GC Precious Log:
 CardTable entry size: 512
 Card Set container configuration: InlinePtr #cards 4 size 8 Array Of Cards #cards 32 size 80 Howl #buckets 8 coarsen threshold 7372 Howl Bitmap #cards 1024 size 144 coarsen threshold 921 Card regions per heap region 1 cards per card region 8192
 CPUs: 16 total, 16 available
 Memory: 24270M
 Large Page Support: Disabled
 NUMA Support: Disabled
 Compressed Oops: Enabled (Zero based)
 Heap Region Size: 4M
 Heap Min Capacity: 8M
 Heap Initial Capacity: 380M
 Heap Max Capacity: 6068M
 Pre-touch: Disabled
 Parallel Workers: 13
 Concurrent Workers: 3
 Concurrent Refinement Workers: 13
 Periodic GC: Disabled

Heap:
 garbage-first heap   total 331776K, used 203882K [0x0000000684c00000, 0x0000000800000000)
  region size 4096K, 4 young (16384K), 4 survivors (16384K)
 Metaspace       used 99177K, committed 99584K, reserved 1179648K
  class space    used 9885K, committed 10048K, reserved 1048576K

Heap Regions: E=young(eden), S=young(survivor), O=old, HS=humongous(starts), HC=humongous(continues), CS=collection set, F=free, TAMS=top-at-mark-start, PB=parsable bottom
|   0|0x0000000684c00000, 0x0000000685000000, 0x0000000685000000|100%|HS|  |TAMS 0x0000000684c00000| PB 0x0000000684c00000| Complete 
|   1|0x0000000685000000, 0x0000000685400000, 0x0000000685400000|100%| O|  |TAMS 0x0000000685000000| PB 0x0000000685000000| Untracked 
|   2|0x0000000685400000, 0x0000000685800000, 0x0000000685800000|100%| O|  |TAMS 0x0000000685400000| PB 0x0000000685400000| Untracked 
|   3|0x0000000685800000, 0x0000000685c00000, 0x0000000685c00000|100%| O|  |TAMS 0x0000000685800000| PB 0x0000000685800000| Untracked 
|   4|0x0000000685c00000, 0x0000000686000000, 0x0000000686000000|100%| O|  |TAMS 0x0000000685c00000| PB 0x0000000685c00000| Untracked 
|   5|0x0000000686000000, 0x0000000686400000, 0x0000000686400000|100%| O|  |TAMS 0x0000000686000000| PB 0x0000000686000000| Untracked 
|   6|0x0000000686400000, 0x0000000686800000, 0x0000000686800000|100%| O|  |TAMS 0x0000000686400000| PB 0x0000000686400000| Untracked 
|   7|0x0000000686800000, 0x0000000686c00000, 0x0000000686c00000|100%| O|  |TAMS 0x0000000686800000| PB 0x0000000686800000| Untracked 
|   8|0x0000000686c00000, 0x0000000687000000, 0x0000000687000000|100%| O|  |TAMS 0x0000000686c00000| PB 0x0000000686c00000| Untracked 
|   9|0x0000000687000000, 0x0000000687400000, 0x0000000687400000|100%| O|  |TAMS 0x0000000687000000| PB 0x0000000687000000| Untracked 
|  10|0x0000000687400000, 0x0000000687800000, 0x0000000687800000|100%| O|  |TAMS 0x0000000687400000| PB 0x0000000687400000| Untracked 
|  11|0x0000000687800000, 0x0000000687c00000, 0x0000000687c00000|100%| O|  |TAMS 0x0000000687800000| PB 0x0000000687800000| Untracked 
|  12|0x0000000687c00000, 0x0000000688000000, 0x0000000688000000|100%| O|  |TAMS 0x0000000687c00000| PB 0x0000000687c00000| Untracked 
|  13|0x0000000688000000, 0x0000000688400000, 0x0000000688400000|100%| O|  |TAMS 0x0000000688000000| PB 0x0000000688000000| Untracked 
|  14|0x0000000688400000, 0x0000000688800000, 0x0000000688800000|100%| O|  |TAMS 0x0000000688400000| PB 0x0000000688400000| Untracked 
|  15|0x0000000688800000, 0x0000000688c00000, 0x0000000688c00000|100%| O|  |TAMS 0x0000000688800000| PB 0x0000000688800000| Untracked 
|  16|0x0000000688c00000, 0x0000000689000000, 0x0000000689000000|100%| O|  |TAMS 0x0000000688c00000| PB 0x0000000688c00000| Untracked 
|  17|0x0000000689000000, 0x0000000689400000, 0x0000000689400000|100%| O|  |TAMS 0x0000000689000000| PB 0x0000000689000000| Untracked 
|  18|0x0000000689400000, 0x0000000689800000, 0x0000000689800000|100%| O|  |TAMS 0x0000000689400000| PB 0x0000000689400000| Untracked 
|  19|0x0000000689800000, 0x0000000689c00000, 0x0000000689c00000|100%| O|  |TAMS 0x0000000689800000| PB 0x0000000689800000| Untracked 
|  20|0x0000000689c00000, 0x000000068a000000, 0x000000068a000000|100%| O|  |TAMS 0x0000000689c00000| PB 0x0000000689c00000| Untracked 
|  21|0x000000068a000000, 0x000000068a400000, 0x000000068a400000|100%| O|  |TAMS 0x000000068a000000| PB 0x000000068a000000| Untracked 
|  22|0x000000068a400000, 0x000000068a800000, 0x000000068a800000|100%| O|  |TAMS 0x000000068a400000| PB 0x000000068a400000| Untracked 
|  23|0x000000068a800000, 0x000000068ac00000, 0x000000068ac00000|100%| O|  |TAMS 0x000000068a800000| PB 0x000000068a800000| Untracked 
|  24|0x000000068ac00000, 0x000000068ac00000, 0x000000068b000000|  0%| F|  |TAMS 0x000000068ac00000| PB 0x000000068ac00000| Untracked 
|  25|0x000000068b000000, 0x000000068b400000, 0x000000068b400000|100%| O|  |TAMS 0x000000068b000000| PB 0x000000068b000000| Untracked 
|  26|0x000000068b400000, 0x000000068b800000, 0x000000068b800000|100%| O|  |TAMS 0x000000068b400000| PB 0x000000068b400000| Untracked 
|  27|0x000000068b800000, 0x000000068bc00000, 0x000000068bc00000|100%| O|  |TAMS 0x000000068b800000| PB 0x000000068b800000| Untracked 
|  28|0x000000068bc00000, 0x000000068c000000, 0x000000068c000000|100%| O|  |TAMS 0x000000068bc00000| PB 0x000000068bc00000| Untracked 
|  29|0x000000068c000000, 0x000000068c400000, 0x000000068c400000|100%| O|  |TAMS 0x000000068c000000| PB 0x000000068c000000| Untracked 
|  30|0x000000068c400000, 0x000000068c800000, 0x000000068c800000|100%| O|  |TAMS 0x000000068c400000| PB 0x000000068c400000| Untracked 
|  31|0x000000068c800000, 0x000000068cc00000, 0x000000068cc00000|100%| O|  |TAMS 0x000000068c800000| PB 0x000000068c800000| Untracked 
|  32|0x000000068cc00000, 0x000000068d000000, 0x000000068d000000|100%| O|  |TAMS 0x000000068cc00000| PB 0x000000068cc00000| Untracked 
|  33|0x000000068d000000, 0x000000068d400000, 0x000000068d400000|100%| O|  |TAMS 0x000000068d000000| PB 0x000000068d000000| Untracked 
|  34|0x000000068d400000, 0x000000068d800000, 0x000000068d800000|100%| O|  |TAMS 0x000000068d400000| PB 0x000000068d400000| Untracked 
|  35|0x000000068d800000, 0x000000068dc00000, 0x000000068dc00000|100%| O|  |TAMS 0x000000068d800000| PB 0x000000068d800000| Untracked 
|  36|0x000000068dc00000, 0x000000068e000000, 0x000000068e000000|100%| O|  |TAMS 0x000000068dc00000| PB 0x000000068dc00000| Untracked 
|  37|0x000000068e000000, 0x000000068e000000, 0x000000068e400000|  0%| F|  |TAMS 0x000000068e000000| PB 0x000000068e000000| Untracked 
|  38|0x000000068e400000, 0x000000068e800000, 0x000000068e800000|100%| O|  |TAMS 0x000000068e400000| PB 0x000000068e400000| Untracked 
|  39|0x000000068e800000, 0x000000068ec00000, 0x000000068ec00000|100%| O|  |TAMS 0x000000068e800000| PB 0x000000068e800000| Untracked 
|  40|0x000000068ec00000, 0x000000068f000000, 0x000000068f000000|100%| O|  |TAMS 0x000000068ec00000| PB 0x000000068ec00000| Untracked 
|  41|0x000000068f000000, 0x000000068f400000, 0x000000068f400000|100%| O|  |TAMS 0x000000068f000000| PB 0x000000068f000000| Untracked 
|  42|0x000000068f400000, 0x000000068f800000, 0x000000068f800000|100%| O|  |TAMS 0x000000068f400000| PB 0x000000068f400000| Untracked 
|  43|0x000000068f800000, 0x000000068fc00000, 0x000000068fc00000|100%| O|  |TAMS 0x000000068f800000| PB 0x000000068f800000| Untracked 
|  44|0x000000068fc00000, 0x0000000690000000, 0x0000000690000000|100%| O|  |TAMS 0x000000068fc00000| PB 0x000000068fc00000| Untracked 
|  45|0x0000000690000000, 0x0000000690400000, 0x0000000690400000|100%| O|  |TAMS 0x0000000690000000| PB 0x0000000690000000| Untracked 
|  46|0x0000000690400000, 0x00000006907e9b68, 0x0000000690800000| 97%| O|  |TAMS 0x0000000690400000| PB 0x0000000690400000| Untracked 
|  47|0x0000000690800000, 0x0000000690800000, 0x0000000690c00000|  0%| F|  |TAMS 0x0000000690800000| PB 0x0000000690800000| Untracked 
|  48|0x0000000690c00000, 0x0000000690c00000, 0x0000000691000000|  0%| F|  |TAMS 0x0000000690c00000| PB 0x0000000690c00000| Untracked 
|  49|0x0000000691000000, 0x0000000691000000, 0x0000000691400000|  0%| F|  |TAMS 0x0000000691000000| PB 0x0000000691000000| Untracked 
|  50|0x0000000691400000, 0x0000000691400000, 0x0000000691800000|  0%| F|  |TAMS 0x0000000691400000| PB 0x0000000691400000| Untracked 
|  51|0x0000000691800000, 0x0000000691800000, 0x0000000691c00000|  0%| F|  |TAMS 0x0000000691800000| PB 0x0000000691800000| Untracked 
|  52|0x0000000691c00000, 0x0000000691c00000, 0x0000000692000000|  0%| F|  |TAMS 0x0000000691c00000| PB 0x0000000691c00000| Untracked 
|  53|0x0000000692000000, 0x0000000692331080, 0x0000000692400000| 79%| S|CS|TAMS 0x0000000692000000| PB 0x0000000692000000| Complete 
|  54|0x0000000692400000, 0x0000000692800000, 0x0000000692800000|100%| S|CS|TAMS 0x0000000692400000| PB 0x0000000692400000| Complete 
|  55|0x0000000692800000, 0x0000000692c00000, 0x0000000692c00000|100%| S|CS|TAMS 0x0000000692800000| PB 0x0000000692800000| Complete 
|  56|0x0000000692c00000, 0x0000000693000000, 0x0000000693000000|100%| S|CS|TAMS 0x0000000692c00000| PB 0x0000000692c00000| Complete 
|  57|0x0000000693000000, 0x0000000693000000, 0x0000000693400000|  0%| F|  |TAMS 0x0000000693000000| PB 0x0000000693000000| Untracked 
|  58|0x0000000693400000, 0x0000000693400000, 0x0000000693800000|  0%| F|  |TAMS 0x0000000693400000| PB 0x0000000693400000| Untracked 
|  59|0x0000000693800000, 0x0000000693800000, 0x0000000693c00000|  0%| F|  |TAMS 0x0000000693800000| PB 0x0000000693800000| Untracked 
|  60|0x0000000693c00000, 0x0000000693c00000, 0x0000000694000000|  0%| F|  |TAMS 0x0000000693c00000| PB 0x0000000693c00000| Untracked 
|  61|0x0000000694000000, 0x0000000694000000, 0x0000000694400000|  0%| F|  |TAMS 0x0000000694000000| PB 0x0000000694000000| Untracked 
|  62|0x0000000694400000, 0x0000000694400000, 0x0000000694800000|  0%| F|  |TAMS 0x0000000694400000| PB 0x0000000694400000| Untracked 
|  63|0x0000000694800000, 0x0000000694800000, 0x0000000694c00000|  0%| F|  |TAMS 0x0000000694800000| PB 0x0000000694800000| Untracked 
|  64|0x0000000694c00000, 0x0000000694c00000, 0x0000000695000000|  0%| F|  |TAMS 0x0000000694c00000| PB 0x0000000694c00000| Untracked 
|  65|0x0000000695000000, 0x0000000695000000, 0x0000000695400000|  0%| F|  |TAMS 0x0000000695000000| PB 0x0000000695000000| Untracked 
|  66|0x0000000695400000, 0x0000000695400000, 0x0000000695800000|  0%| F|  |TAMS 0x0000000695400000| PB 0x0000000695400000| Untracked 
|  67|0x0000000695800000, 0x0000000695800000, 0x0000000695c00000|  0%| F|  |TAMS 0x0000000695800000| PB 0x0000000695800000| Untracked 
|  68|0x0000000695c00000, 0x0000000695c00000, 0x0000000696000000|  0%| F|  |TAMS 0x0000000695c00000| PB 0x0000000695c00000| Untracked 
|  69|0x0000000696000000, 0x0000000696000000, 0x0000000696400000|  0%| F|  |TAMS 0x0000000696000000| PB 0x0000000696000000| Untracked 
|  70|0x0000000696400000, 0x0000000696400000, 0x0000000696800000|  0%| F|  |TAMS 0x0000000696400000| PB 0x0000000696400000| Untracked 
|  71|0x0000000696800000, 0x0000000696800000, 0x0000000696c00000|  0%| F|  |TAMS 0x0000000696800000| PB 0x0000000696800000| Untracked 
|  72|0x0000000696c00000, 0x0000000696c00000, 0x0000000697000000|  0%| F|  |TAMS 0x0000000696c00000| PB 0x0000000696c00000| Untracked 
|  73|0x0000000697000000, 0x0000000697000000, 0x0000000697400000|  0%| F|  |TAMS 0x0000000697000000| PB 0x0000000697000000| Untracked 
|  74|0x0000000697400000, 0x0000000697400000, 0x0000000697800000|  0%| F|  |TAMS 0x0000000697400000| PB 0x0000000697400000| Untracked 
|  75|0x0000000697800000, 0x0000000697800000, 0x0000000697c00000|  0%| F|  |TAMS 0x0000000697800000| PB 0x0000000697800000| Untracked 
|  76|0x0000000697c00000, 0x0000000697c00000, 0x0000000698000000|  0%| F|  |TAMS 0x0000000697c00000| PB 0x0000000697c00000| Untracked 
|  77|0x0000000698000000, 0x0000000698000000, 0x0000000698400000|  0%| F|  |TAMS 0x0000000698000000| PB 0x0000000698000000| Untracked 
|  78|0x0000000698400000, 0x0000000698400000, 0x0000000698800000|  0%| F|  |TAMS 0x0000000698400000| PB 0x0000000698400000| Untracked 
|  94|0x000000069c400000, 0x000000069c400000, 0x000000069c800000|  0%| F|  |TAMS 0x000000069c400000| PB 0x000000069c400000| Untracked 
|1516|0x00000007ffc00000, 0x0000000800000000, 0x0000000800000000|100%| O|  |TAMS 0x00000007ffc00000| PB 0x00000007ffc00000| Untracked 

Card table byte_map: [0x0000023931020000,0x0000023931c00000] _byte_map_base: 0x000002392dbfa000

Marking Bits: (CMBitMap*) 0x000002391daf1290
 Bits: [0x0000023931c00000, 0x0000023937ad0000)

Polling page: 0x000002391b950000

Metaspace:

Usage:
  Non-class:     87.20 MB used.
      Class:      9.65 MB used.
       Both:     96.85 MB used.

Virtual space:
  Non-class space:      128.00 MB reserved,      87.44 MB ( 68%) committed,  2 nodes.
      Class space:        1.00 GB reserved,       9.81 MB ( <1%) committed,  1 nodes.
             Both:        1.12 GB reserved,      97.25 MB (  8%) committed. 

Chunk freelists:
   Non-Class:  8.34 MB
       Class:  6.20 MB
        Both:  14.55 MB

MaxMetaspaceSize: unlimited
CompressedClassSpaceSize: 1.00 GB
Initial GC threshold: 21.00 MB
Current GC threshold: 161.69 MB
CDS: off
 - commit_granule_bytes: 65536.
 - commit_granule_words: 8192.
 - virtual_space_node_default_size: 8388608.
 - enlarge_chunks_in_place: 1.
 - use_allocation_guard: 0.


Internal statistics:

num_allocs_failed_limit: 9.
num_arena_births: 434.
num_arena_deaths: 0.
num_vsnodes_births: 3.
num_vsnodes_deaths: 0.
num_space_committed: 1554.
num_space_uncommitted: 0.
num_chunks_returned_to_freelist: 9.
num_chunks_taken_from_freelist: 3593.
num_chunk_merges: 9.
num_chunk_splits: 3001.
num_chunks_enlarged: 2709.
num_inconsistent_stats: 0.

CodeHeap 'non-profiled nmethods': size=119168Kb used=14333Kb max_used=15430Kb free=104835Kb
 bounds [0x0000023928760000, 0x0000023929680000, 0x000002392fbc0000]
CodeHeap 'profiled nmethods': size=119104Kb used=72579Kb max_used=79753Kb free=46524Kb
 bounds [0x0000023920bc0000, 0x00000239259b0000, 0x0000023928010000]
CodeHeap 'non-nmethods': size=7488Kb used=2426Kb max_used=3655Kb free=5061Kb
 bounds [0x0000023928010000, 0x00000239283b0000, 0x0000023928760000]
 total_blobs=19127 nmethods=18280 adapters=746
 compilation: enabled
              stopped_count=0, restarted_count=0
 full_count=0

Compilation events (20 events):
Event: 26.469 Thread 0x000002393ac86920 24006       3       org.jetbrains.kotlin.codegen.StackValue$Constant::<init> (39 bytes)
Event: 26.470 Thread 0x000002393ac86920 nmethod 24006 0x00000239211fde10 code [0x00000239211fdfe0, 0x00000239211fe378]
Event: 26.480 Thread 0x000002393ac86920 24007       3       org.jetbrains.kotlin.codegen.optimization.temporaryVals.TemporaryValsAnalyzer$analyze$$inlined$sortedBy$1::<init> (10 bytes)
Event: 26.480 Thread 0x000002393ac86920 nmethod 24007 0x0000023920daea10 code [0x0000023920daebc0, 0x0000023920daed90]
Event: 26.483 Thread 0x00000239480337d0 nmethod 24003 0x000002392888e890 code [0x000002392888eae0, 0x000002392888f510]
Event: 26.483 Thread 0x00000239480337d0 24005       4       org.jetbrains.kotlin.codegen.inline.FileMapping::canReuseFor (72 bytes)
Event: 26.486 Thread 0x00000239480337d0 nmethod 24005 0x0000023928fd3610 code [0x0000023928fd37c0, 0x0000023928fd3990]
Event: 26.490 Thread 0x00000239480337d0 24008       4       org.jetbrains.kotlin.codegen.inline.MaxStackFrameSizeAndLocalsCalculator::visitTypeInsn (27 bytes)
Event: 26.491 Thread 0x00000239480337d0 nmethod 24008 0x0000023928c78c10 code [0x0000023928c78da0, 0x0000023928c78eb0]
Event: 26.491 Thread 0x00000239480337d0 24009       4       org.jetbrains.org.objectweb.asm.commons.Remapper::mapSignature (57 bytes)
Event: 26.496 Thread 0x00000239480337d0 nmethod 24009 0x000002392888dc90 code [0x000002392888de80, 0x000002392888e338]
Event: 26.496 Thread 0x00000239480337d0 24011       4       org.jetbrains.kotlin.backend.jvm.codegen.ExpressionCodegen::visitCall (1041 bytes)
Event: 26.505 Thread 0x00000239402aad90 24013       3       org.jetbrains.kotlin.backend.jvm.JvmLoweredDeclarationOrigin::getINVOKEDYNAMIC_CALL_TARGET (19 bytes)
Event: 26.505 Thread 0x000002393ac86920 24014       3       org.jetbrains.kotlin.backend.jvm.ir.JvmIrUtilsKt::getBooleanConstArgument (122 bytes)
Event: 26.506 Thread 0x00000239402aad90 nmethod 24013 0x00000239217a7190 code [0x00000239217a73c0, 0x00000239217a7a60]
Event: 26.507 Thread 0x000002393ac86920 nmethod 24014 0x00000239215ebd90 code [0x00000239215ec180, 0x00000239215edb58]
Event: 26.511 Thread 0x000002393ac86920 24015       3       org.jetbrains.kotlin.codegen.inline.ParametersBuilder::addCapturedParam (62 bytes)
Event: 26.512 Thread 0x000002393ac86920 nmethod 24015 0x00000239216cb910 code [0x00000239216cbbe0, 0x00000239216cc948]
Event: 26.523 Thread 0x000002393ac86920 24016       3       java.util.TimSort::gallopLeft (335 bytes)
Event: 26.523 Thread 0x000002393ac86920 nmethod 24016 0x000002392114a790 code [0x000002392114a9c0, 0x000002392114b458]

GC Heap History (20 events):
Event: 5.941 GC heap after
{Heap after GC invocations=21 (full 0):
 garbage-first heap   total 331776K, used 109501K [0x0000000684c00000, 0x0000000800000000)
  region size 4096K, 2 young (8192K), 2 survivors (8192K)
 Metaspace       used 62485K, committed 62784K, reserved 1114112K
  class space    used 7022K, committed 7168K, reserved 1048576K
}
Event: 8.159 GC heap before
{Heap before GC invocations=21 (full 0):
 garbage-first heap   total 331776K, used 256957K [0x0000000684c00000, 0x0000000800000000)
  region size 4096K, 38 young (155648K), 2 survivors (8192K)
 Metaspace       used 66918K, committed 67200K, reserved 1114112K
  class space    used 7352K, committed 7488K, reserved 1048576K
}
Event: 8.176 GC heap after
{Heap after GC invocations=22 (full 0):
 garbage-first heap   total 331776K, used 128809K [0x0000000684c00000, 0x0000000800000000)
  region size 4096K, 5 young (20480K), 5 survivors (20480K)
 Metaspace       used 66918K, committed 67200K, reserved 1114112K
  class space    used 7352K, committed 7488K, reserved 1048576K
}
Event: 10.442 GC heap before
{Heap before GC invocations=22 (full 0):
 garbage-first heap   total 331776K, used 255785K [0x0000000684c00000, 0x0000000800000000)
  region size 4096K, 36 young (147456K), 5 survivors (20480K)
 Metaspace       used 75328K, committed 75648K, reserved 1179648K
  class space    used 8041K, committed 8192K, reserved 1048576K
}
Event: 10.472 GC heap after
{Heap after GC invocations=23 (full 0):
 garbage-first heap   total 331776K, used 151552K [0x0000000684c00000, 0x0000000800000000)
  region size 4096K, 5 young (20480K), 5 survivors (20480K)
 Metaspace       used 75328K, committed 75648K, reserved 1179648K
  class space    used 8041K, committed 8192K, reserved 1048576K
}
Event: 10.740 GC heap before
{Heap before GC invocations=23 (full 0):
 garbage-first heap   total 331776K, used 163840K [0x0000000684c00000, 0x0000000800000000)
  region size 4096K, 9 young (36864K), 5 survivors (20480K)
 Metaspace       used 76639K, committed 76928K, reserved 1179648K
  class space    used 8114K, committed 8256K, reserved 1048576K
}
Event: 10.759 GC heap after
{Heap after GC invocations=24 (full 0):
 garbage-first heap   total 331776K, used 157145K [0x0000000684c00000, 0x0000000800000000)
  region size 4096K, 1 young (4096K), 1 survivors (4096K)
 Metaspace       used 76639K, committed 76928K, reserved 1179648K
  class space    used 8114K, committed 8256K, reserved 1048576K
}
Event: 14.003 GC heap before
{Heap before GC invocations=25 (full 0):
 garbage-first heap   total 331776K, used 271833K [0x0000000684c00000, 0x0000000800000000)
  region size 4096K, 29 young (118784K), 1 survivors (4096K)
 Metaspace       used 83584K, committed 83968K, reserved 1179648K
  class space    used 8784K, committed 8960K, reserved 1048576K
}
Event: 14.026 GC heap after
{Heap after GC invocations=26 (full 0):
 garbage-first heap   total 331776K, used 174795K [0x0000000684c00000, 0x0000000800000000)
  region size 4096K, 4 young (16384K), 4 survivors (16384K)
 Metaspace       used 83584K, committed 83968K, reserved 1179648K
  class space    used 8784K, committed 8960K, reserved 1048576K
}
Event: 15.864 GC heap before
{Heap before GC invocations=26 (full 0):
 garbage-first heap   total 331776K, used 211659K [0x0000000684c00000, 0x0000000800000000)
  region size 4096K, 15 young (61440K), 4 survivors (16384K)
 Metaspace       used 90198K, committed 90496K, reserved 1179648K
  class space    used 9275K, committed 9408K, reserved 1048576K
}
Event: 15.882 GC heap after
{Heap after GC invocations=27 (full 0):
 garbage-first heap   total 331776K, used 180031K [0x0000000684c00000, 0x0000000800000000)
  region size 4096K, 2 young (8192K), 2 survivors (8192K)
 Metaspace       used 90198K, committed 90496K, reserved 1179648K
  class space    used 9275K, committed 9408K, reserved 1048576K
}
Event: 20.345 GC heap before
{Heap before GC invocations=28 (full 0):
 garbage-first heap   total 331776K, used 286527K [0x0000000684c00000, 0x0000000800000000)
  region size 4096K, 28 young (114688K), 2 survivors (8192K)
 Metaspace       used 98435K, committed 98816K, reserved 1179648K
  class space    used 9870K, committed 10048K, reserved 1048576K
}
Event: 20.356 GC heap after
{Heap after GC invocations=29 (full 0):
 garbage-first heap   total 331776K, used 187380K [0x0000000684c00000, 0x0000000800000000)
  region size 4096K, 3 young (12288K), 3 survivors (12288K)
 Metaspace       used 98435K, committed 98816K, reserved 1179648K
  class space    used 9870K, committed 10048K, reserved 1048576K
}
Event: 22.688 GC heap before
{Heap before GC invocations=29 (full 0):
 garbage-first heap   total 331776K, used 293876K [0x0000000684c00000, 0x0000000800000000)
  region size 4096K, 29 young (118784K), 3 survivors (12288K)
 Metaspace       used 98817K, committed 99200K, reserved 1179648K
  class space    used 9877K, committed 10048K, reserved 1048576K
}
Event: 22.713 GC heap after
{Heap after GC invocations=30 (full 0):
 garbage-first heap   total 331776K, used 191170K [0x0000000684c00000, 0x0000000800000000)
  region size 4096K, 4 young (16384K), 4 survivors (16384K)
 Metaspace       used 98817K, committed 99200K, reserved 1179648K
  class space    used 9877K, committed 10048K, reserved 1048576K
}
Event: 23.377 GC heap before
{Heap before GC invocations=30 (full 0):
 garbage-first heap   total 331776K, used 219842K [0x0000000684c00000, 0x0000000800000000)
  region size 4096K, 12 young (49152K), 4 survivors (16384K)
 Metaspace       used 98887K, committed 99328K, reserved 1179648K
  class space    used 9879K, committed 10048K, reserved 1048576K
}
Event: 23.396 GC heap after
{Heap after GC invocations=31 (full 0):
 garbage-first heap   total 331776K, used 193808K [0x0000000684c00000, 0x0000000800000000)
  region size 4096K, 3 young (12288K), 3 survivors (12288K)
 Metaspace       used 98887K, committed 99328K, reserved 1179648K
  class space    used 9879K, committed 10048K, reserved 1048576K
}
Event: 25.515 GC heap before
{Heap before GC invocations=32 (full 0):
 garbage-first heap   total 331776K, used 296208K [0x0000000684c00000, 0x0000000800000000)
  region size 4096K, 28 young (114688K), 3 survivors (12288K)
 Metaspace       used 99119K, committed 99520K, reserved 1179648K
  class space    used 9882K, committed 10048K, reserved 1048576K
}
Event: 25.534 GC heap after
{Heap after GC invocations=33 (full 0):
 garbage-first heap   total 331776K, used 198503K [0x0000000684c00000, 0x0000000800000000)
  region size 4096K, 3 young (12288K), 3 survivors (12288K)
 Metaspace       used 99119K, committed 99520K, reserved 1179648K
  class space    used 9882K, committed 10048K, reserved 1048576K
}
Event: 26.538 GC heap before
{Heap before GC invocations=33 (full 0):
 garbage-first heap   total 331776K, used 288615K [0x0000000684c00000, 0x0000000800000000)
  region size 4096K, 26 young (106496K), 3 survivors (12288K)
 Metaspace       used 99177K, committed 99584K, reserved 1179648K
  class space    used 9885K, committed 10048K, reserved 1048576K
}

Dll operation events (3 events):
Event: 0.004 Loaded shared library D:\Android Studio\jbr\bin\java.dll
Event: 0.008 Loaded shared library D:\Android Studio\jbr\bin\zip.dll
Event: 0.708 Loaded shared library D:\Android Studio\jbr\bin\verify.dll

Deoptimization events (20 events):
Event: 26.319 Thread 0x000002391b771ae0 Uncommon trap: trap_request=0xffffff45 fr.pc=0x0000023928b3e640 relative=0x0000000000000280
Event: 26.319 Thread 0x000002391b771ae0 Uncommon trap: reason=unstable_if action=reinterpret pc=0x0000023928b3e640 method=java.lang.StringLatin1.indexOf([BI[BII)I @ 27 c2
Event: 26.319 Thread 0x000002391b771ae0 DEOPT PACKING pc=0x0000023928b3e640 sp=0x000000b3d8cf7580
Event: 26.319 Thread 0x000002391b771ae0 DEOPT UNPACKING pc=0x00000239280646a2 sp=0x000000b3d8cf74e0 mode 2
Event: 26.338 Thread 0x000002391b771ae0 Uncommon trap: trap_request=0xffffff45 fr.pc=0x000002392903d2fc relative=0x000000000000029c
Event: 26.338 Thread 0x000002391b771ae0 Uncommon trap: reason=unstable_if action=reinterpret pc=0x000002392903d2fc method=org.jetbrains.kotlin.codegen.optimization.boxing.BoxingInterpreterKt.isIteratorMethodCallOfProgression(Lorg/jetbrains/org/objectweb/asm/tree/AbstractInsnNode;Ljava/util/List
Event: 26.338 Thread 0x000002391b771ae0 DEOPT PACKING pc=0x000002392903d2fc sp=0x000000b3d8cfa410
Event: 26.338 Thread 0x000002391b771ae0 DEOPT UNPACKING pc=0x00000239280646a2 sp=0x000000b3d8cfa378 mode 2
Event: 26.343 Thread 0x000002391b771ae0 DEOPT PACKING pc=0x000002392533132e sp=0x000000b3d8cfa9b0
Event: 26.343 Thread 0x000002391b771ae0 DEOPT UNPACKING pc=0x0000023928064e42 sp=0x000000b3d8cf9ef0 mode 0
Event: 26.344 Thread 0x000002391b771ae0 DEOPT PACKING pc=0x0000023925334447 sp=0x000000b3d8cfa9f0
Event: 26.344 Thread 0x000002391b771ae0 DEOPT UNPACKING pc=0x0000023928064e42 sp=0x000000b3d8cf9f00 mode 0
Event: 26.355 Thread 0x000002391b771ae0 DEOPT PACKING pc=0x00000239256c848e sp=0x000000b3d8cfb9d0
Event: 26.355 Thread 0x000002391b771ae0 DEOPT UNPACKING pc=0x0000023928064e42 sp=0x000000b3d8cfaf30 mode 0
Event: 26.461 Thread 0x000002391b771ae0 DEOPT PACKING pc=0x00000239257a3b85 sp=0x000000b3d8cf8f30
Event: 26.461 Thread 0x000002391b771ae0 DEOPT UNPACKING pc=0x0000023928064e42 sp=0x000000b3d8cf84a0 mode 0
Event: 26.461 Thread 0x000002391b771ae0 DEOPT PACKING pc=0x00000239257aa1a3 sp=0x000000b3d8cf8f50
Event: 26.461 Thread 0x000002391b771ae0 DEOPT UNPACKING pc=0x0000023928064e42 sp=0x000000b3d8cf8478 mode 0
Event: 26.462 Thread 0x000002391b771ae0 DEOPT PACKING pc=0x000002392577a2e9 sp=0x000000b3d8cf90a0
Event: 26.462 Thread 0x000002391b771ae0 DEOPT UNPACKING pc=0x0000023928064e42 sp=0x000000b3d8cf8790 mode 0

Classes loaded (20 events):
Event: 14.951 Loading class sun/security/jca/GetInstance$Instance
Event: 14.951 Loading class sun/security/jca/GetInstance$Instance done
Event: 14.951 Loading class java/security/MessageDigest$Delegate
Event: 14.951 Loading class sun/security/util/MessageDigestSpi2
Event: 14.951 Loading class sun/security/util/MessageDigestSpi2 done
Event: 14.951 Loading class java/security/MessageDigest$Delegate done
Event: 14.951 Loading class java/security/MessageDigest$Delegate$CloneableDelegate
Event: 14.952 Loading class java/security/MessageDigest$Delegate$CloneableDelegate done
Event: 14.952 Loading class sun/security/provider/ByteArrayAccess$LE
Event: 14.952 Loading class sun/security/provider/ByteArrayAccess$LE done
Event: 14.952 Loading class sun/security/provider/ByteArrayAccess
Event: 14.953 Loading class sun/security/provider/ByteArrayAccess done
Event: 14.953 Loading class java/util/Base64
Event: 14.953 Loading class java/util/Base64 done
Event: 14.953 Loading class java/util/Base64$Encoder
Event: 14.954 Loading class java/util/Base64$Encoder done
Event: 17.912 Loading class java/lang/TypeNotPresentException
Event: 17.913 Loading class java/lang/TypeNotPresentException done
Event: 18.390 Loading class java/util/Vector$Itr
Event: 18.391 Loading class java/util/Vector$Itr done

Classes unloaded (0 events):
No events

Classes redefined (0 events):
No events

Internal exceptions (20 events):
Event: 16.123 Thread 0x000002391b771ae0 Exception <a 'java/lang/NoSuchMethodError'{0x00000006985f79a0}: 'java.lang.Object java.lang.invoke.DirectMethodHandle$Holder.invokeSpecial(java.lang.Object, java.lang.Object, java.lang.Object, int, java.lang.Object)'> (0x00000006985f79a0) 
thrown [s\src\hotspot\share\interpreter\linkResolver.cpp, line 784]
Event: 16.125 Thread 0x000002391b771ae0 Exception <a 'java/lang/NoSuchMethodError'{0x00000006985fbb80}: 'java.lang.Object java.lang.invoke.Invokers$Holder.linkToTargetMethod(java.lang.Object, int, java.lang.Object, java.lang.Object)'> (0x00000006985fbb80) 
thrown [s\src\hotspot\share\interpreter\linkResolver.cpp, line 784]
Event: 17.360 Thread 0x000002391b771ae0 Implicit null exception at 0x00000239291ee1dd to 0x00000239291ee274
Event: 17.360 Thread 0x000002391b771ae0 Implicit null exception at 0x00000239291eab60 to 0x00000239291eac7d
Event: 17.362 Thread 0x000002391b771ae0 Implicit null exception at 0x000002392882b4dd to 0x000002392882b558
Event: 17.815 Thread 0x000002391b771ae0 Implicit null exception at 0x0000023928cff35d to 0x0000023928cff3d8
Event: 18.202 Thread 0x000002391b771ae0 Exception <a 'java/lang/NoSuchMethodError'{0x00000006955737e8}: 'java.lang.Object java.lang.invoke.DirectMethodHandle$Holder.invokeStatic(java.lang.Object, int, int)'> (0x00000006955737e8) 
thrown [s\src\hotspot\share\interpreter\linkResolver.cpp, line 784]
Event: 18.341 Thread 0x000002391b771ae0 Exception <a 'java/lang/NoSuchMethodError'{0x00000006950e33f0}: 'java.lang.Object java.lang.invoke.DirectMethodHandle$Holder.newInvokeSpecial(java.lang.Object, java.lang.Object, java.lang.Object, java.lang.Object, java.lang.Object, int, java.lang.Object)'> (0x00000006950e33f0) 
thrown [s\src\hotspot\share\interpreter\linkResolver.cpp, line 784]
Event: 18.342 Thread 0x000002391b771ae0 Exception <a 'java/lang/NoSuchMethodError'{0x00000006950e75e0}: 'java.lang.Object java.lang.invoke.DirectMethodHandle$Holder.invokeSpecial(java.lang.Object, java.lang.Object, java.lang.Object, java.lang.Object, java.lang.Object, java.lang.Object, int, java.lang.Object)'> (0x00000006950e75e0) 
thrown [s\src\hotspot\share\interpreter\linkResolver.cpp, line 784]
Event: 18.342 Thread 0x000002391b771ae0 Exception <a 'java/lang/NoSuchMethodError'{0x00000006950ead50}: 'java.lang.Object java.lang.invoke.Invokers$Holder.linkToTargetMethod(java.lang.Object, java.lang.Object, java.lang.Object, java.lang.Object, int, java.lang.Object, java.lang.Object)'> (0x00000006950ead50) 
thrown [s\src\hotspot\share\interpreter\linkResolver.cpp, line 784]
Event: 18.438 Thread 0x000002391b771ae0 Exception <a 'java/lang/NoSuchMethodError'{0x000000069531f1d0}: 'java.lang.Object java.lang.invoke.DirectMethodHandle$Holder.newInvokeSpecial(java.lang.Object, java.lang.Object, java.lang.Object, java.lang.Object, int, java.lang.Object)'> (0x000000069531f1d0) 
thrown [s\src\hotspot\share\interpreter\linkResolver.cpp, line 784]
Event: 18.438 Thread 0x000002391b771ae0 Exception <a 'java/lang/NoSuchMethodError'{0x0000000695323a00}: 'java.lang.Object java.lang.invoke.DirectMethodHandle$Holder.invokeSpecial(java.lang.Object, java.lang.Object, java.lang.Object, java.lang.Object, java.lang.Object, int, java.lang.Object)'> (0x0000000695323a00) 
thrown [s\src\hotspot\share\interpreter\linkResolver.cpp, line 784]
Event: 18.438 Thread 0x000002391b771ae0 Exception <a 'java/lang/NoSuchMethodError'{0x0000000695327b38}: 'java.lang.Object java.lang.invoke.Invokers$Holder.linkToTargetMethod(java.lang.Object, java.lang.Object, java.lang.Object, int, java.lang.Object, java.lang.Object)'> (0x0000000695327b38) 
thrown [s\src\hotspot\share\interpreter\linkResolver.cpp, line 784]
Event: 18.489 Thread 0x000002391b771ae0 Exception <a 'java/lang/NoSuchMethodError'{0x0000000694debe30}: 'java.lang.Object java.lang.invoke.DirectMethodHandle$Holder.newInvokeSpecial(java.lang.Object, int, int, java.lang.Object)'> (0x0000000694debe30) 
thrown [s\src\hotspot\share\interpreter\linkResolver.cpp, line 784]
Event: 18.491 Thread 0x000002391b771ae0 Exception <a 'java/lang/NoSuchMethodError'{0x0000000694dfc808}: 'java.lang.Object java.lang.invoke.DirectMethodHandle$Holder.invokeStatic(java.lang.Object, java.lang.Object, int, int, java.lang.Object)'> (0x0000000694dfc808) 
thrown [s\src\hotspot\share\interpreter\linkResolver.cpp, line 784]
Event: 18.685 Thread 0x000002391b771ae0 Exception <a 'java/lang/NoSuchMethodError'{0x0000000694a07b40}: 'java.lang.Object java.lang.invoke.DirectMethodHandle$Holder.invokeStatic(java.lang.Object, java.lang.Object, java.lang.Object, java.lang.Object, java.lang.Object, int)'> (0x0000000694a07b40) 
thrown [s\src\hotspot\share\interpreter\linkResolver.cpp, line 784]
Event: 21.567 Thread 0x000002391b771ae0 Implicit null exception at 0x00000239295a27e8 to 0x00000239295a2f7c
Event: 23.882 Thread 0x000002391b771ae0 Implicit null exception at 0x00000239295b59d8 to 0x00000239295b64dc
Event: 23.883 Thread 0x000002391b771ae0 Implicit null exception at 0x000002392959fae0 to 0x000002392959fce8
Event: 23.883 Thread 0x000002391b771ae0 Implicit null exception at 0x000002392942d3ce to 0x0000023929432480

ZGC Phase Switch (0 events):
No events

VM Operations (20 events):
Event: 21.860 Executing VM operation: HandshakeAllThreads (Deoptimize) done
Event: 22.183 Executing VM operation: ICBufferFull
Event: 22.183 Executing VM operation: ICBufferFull done
Event: 22.688 Executing VM operation: G1CollectForAllocation (G1 Evacuation Pause)
Event: 22.713 Executing VM operation: G1CollectForAllocation (G1 Evacuation Pause) done
Event: 23.377 Executing VM operation: G1TryInitiateConcMark (CodeCache GC Threshold)
Event: 23.396 Executing VM operation: G1TryInitiateConcMark (CodeCache GC Threshold) done
Event: 23.549 Executing VM operation: G1PauseRemark
Event: 23.587 Executing VM operation: G1PauseRemark done
Event: 23.649 Executing VM operation: G1PauseCleanup
Event: 23.650 Executing VM operation: G1PauseCleanup done
Event: 24.660 Executing VM operation: Cleanup
Event: 24.661 Executing VM operation: Cleanup done
Event: 25.514 Executing VM operation: G1CollectForAllocation (G1 Evacuation Pause)
Event: 25.534 Executing VM operation: G1CollectForAllocation (G1 Evacuation Pause) done
Event: 26.025 Executing VM operation: HandshakeAllThreads (Deoptimize)
Event: 26.025 Executing VM operation: HandshakeAllThreads (Deoptimize) done
Event: 26.161 Executing VM operation: HandshakeAllThreads (Deoptimize)
Event: 26.161 Executing VM operation: HandshakeAllThreads (Deoptimize) done
Event: 26.537 Executing VM operation: G1CollectForAllocation (G1 Evacuation Pause)

Memory protections (0 events):
No events

Nmethod flushes (20 events):
Event: 23.576 Thread 0x000002393a8611b0 flushing  nmethod 0x0000023923ebf710
Event: 23.576 Thread 0x000002393a8611b0 flushing  nmethod 0x0000023923ec0290
Event: 23.576 Thread 0x000002393a8611b0 flushing  nmethod 0x0000023923ec0f90
Event: 23.576 Thread 0x000002393a8611b0 flushing  nmethod 0x0000023923f68e90
Event: 23.576 Thread 0x000002393a8611b0 flushing  nmethod 0x000002392400b910
Event: 23.576 Thread 0x000002393a8611b0 flushing  nmethod 0x00000239242fe890
Event: 23.576 Thread 0x000002393a8611b0 flushing  nmethod 0x0000023924368210
Event: 23.576 Thread 0x000002393a8611b0 flushing  nmethod 0x0000023924400a10
Event: 23.576 Thread 0x000002393a8611b0 flushing  nmethod 0x000002392440d110
Event: 23.576 Thread 0x000002393a8611b0 flushing  nmethod 0x000002392448a410
Event: 23.576 Thread 0x000002393a8611b0 flushing  nmethod 0x000002392448af90
Event: 23.576 Thread 0x000002393a8611b0 flushing  nmethod 0x000002392448e290
Event: 23.576 Thread 0x000002393a8611b0 flushing  nmethod 0x000002392448f090
Event: 23.576 Thread 0x000002393a8611b0 flushing  nmethod 0x0000023924493910
Event: 23.576 Thread 0x000002393a8611b0 flushing  nmethod 0x0000023924497c90
Event: 23.576 Thread 0x000002393a8611b0 flushing  nmethod 0x000002392449a310
Event: 23.576 Thread 0x000002393a8611b0 flushing  nmethod 0x0000023924701010
Event: 23.576 Thread 0x000002393a8611b0 flushing  nmethod 0x0000023924858c10
Event: 23.576 Thread 0x000002393a8611b0 flushing  nmethod 0x0000023924862090
Event: 23.576 Thread 0x000002393a8611b0 flushing  nmethod 0x00000239248e6a10

Events (20 events):
Event: 10.690 Thread 0x00000239402ad670 Thread exited: 0x00000239402ad670
Event: 11.340 Thread 0x00000239402ac200 Thread exited: 0x00000239402ac200
Event: 13.444 Thread 0x00000239402acfa0 Thread exited: 0x00000239402acfa0
Event: 18.157 Thread 0x0000023946aefa40 Thread exited: 0x0000023946aefa40
Event: 18.181 Thread 0x000002393aec4230 Thread exited: 0x000002393aec4230
Event: 18.181 Thread 0x000002393aec0430 Thread exited: 0x000002393aec0430
Event: 18.301 Thread 0x000002393f4a82e0 Thread added: 0x0000023946aefa40
Event: 18.317 Thread 0x000002393f4a82e0 Thread added: 0x0000023946af0110
Event: 18.503 Thread 0x0000023946af0110 Thread exited: 0x0000023946af0110
Event: 18.677 Thread 0x000002393ac86920 Thread added: 0x0000023946af0110
Event: 20.384 Thread 0x0000023946aefa40 Thread added: 0x0000023948032a30
Event: 20.400 Thread 0x0000023948032a30 Thread added: 0x00000239480337d0
Event: 21.922 Thread 0x00000239480337d0 Thread exited: 0x00000239480337d0
Event: 21.928 Thread 0x0000023948032a30 Thread exited: 0x0000023948032a30
Event: 23.840 Thread 0x000002393f2e3fe0 Thread added: 0x00000239480337d0
Event: 23.860 Thread 0x000002393f4a82e0 Thread added: 0x00000239480360b0
Event: 25.266 Thread 0x000002393f4a82e0 Thread exited: 0x000002393f4a82e0
Event: 25.266 Thread 0x000002393f2e3fe0 Thread exited: 0x000002393f2e3fe0
Event: 25.285 Thread 0x000002393a81b520 Thread exited: 0x000002393a81b520
Event: 26.304 Thread 0x000002393ac86920 Thread added: 0x00000239402aad90


Dynamic libraries:
0x00007ff706870000 - 0x00007ff70687a000 	D:\Android Studio\jbr\bin\java.exe
0x00007ff909230000 - 0x00007ff909447000 	C:\WINDOWS\SYSTEM32\ntdll.dll
0x00007ff9082f0000 - 0x00007ff9083b4000 	C:\WINDOWS\System32\KERNEL32.DLL
0x00007ff906560000 - 0x00007ff906930000 	C:\WINDOWS\System32\KERNELBASE.dll
0x00007ff906cc0000 - 0x00007ff906dd1000 	C:\WINDOWS\System32\ucrtbase.dll
0x00007ff8f1d20000 - 0x00007ff8f1d38000 	D:\Android Studio\jbr\bin\jli.dll
0x00007ff8fcc90000 - 0x00007ff8fccab000 	D:\Android Studio\jbr\bin\VCRUNTIME140.dll
0x00007ff9078c0000 - 0x00007ff907a6e000 	C:\WINDOWS\System32\USER32.dll
0x00007ff906c90000 - 0x00007ff906cb6000 	C:\WINDOWS\System32\win32u.dll
0x00007ff8f7630000 - 0x00007ff8f78c2000 	C:\WINDOWS\WinSxS\amd64_microsoft.windows.common-controls_6595b64144ccf1df_6.0.22621.4830_none_270fe7d773858e80\COMCTL32.dll
0x00007ff906f20000 - 0x00007ff906f49000 	C:\WINDOWS\System32\GDI32.dll
0x00007ff9084a0000 - 0x00007ff908547000 	C:\WINDOWS\System32\msvcrt.dll
0x00007ff906b40000 - 0x00007ff906c5b000 	C:\WINDOWS\System32\gdi32full.dll
0x00007ff906930000 - 0x00007ff9069ca000 	C:\WINDOWS\System32\msvcp_win.dll
0x00007ff9077b0000 - 0x00007ff9077e1000 	C:\WINDOWS\System32\IMM32.DLL
0x00007ff8fe800000 - 0x00007ff8fe80c000 	D:\Android Studio\jbr\bin\vcruntime140_1.dll
0x00007ff8b71f0000 - 0x00007ff8b727d000 	D:\Android Studio\jbr\bin\msvcp140.dll
0x00007ff85fef0000 - 0x00007ff860b7e000 	D:\Android Studio\jbr\bin\server\jvm.dll
0x00007ff909020000 - 0x00007ff9090d1000 	C:\WINDOWS\System32\ADVAPI32.dll
0x00007ff9090e0000 - 0x00007ff909187000 	C:\WINDOWS\System32\sechost.dll
0x00007ff906c60000 - 0x00007ff906c88000 	C:\WINDOWS\System32\bcrypt.dll
0x00007ff907290000 - 0x00007ff9073a4000 	C:\WINDOWS\System32\RPCRT4.dll
0x00007ff908420000 - 0x00007ff908491000 	C:\WINDOWS\System32\WS2_32.dll
0x00007ff8ff460000 - 0x00007ff8ff494000 	C:\WINDOWS\SYSTEM32\WINMM.dll
0x00007ff8f7c10000 - 0x00007ff8f7c1a000 	C:\WINDOWS\SYSTEM32\VERSION.dll
0x00007ff906150000 - 0x00007ff90619d000 	C:\WINDOWS\SYSTEM32\POWRPROF.dll
0x00007ff906130000 - 0x00007ff906143000 	C:\WINDOWS\SYSTEM32\UMPDC.dll
0x00007ff905520000 - 0x00007ff905538000 	C:\WINDOWS\SYSTEM32\kernel.appcore.dll
0x00007ff8fcce0000 - 0x00007ff8fccea000 	D:\Android Studio\jbr\bin\jimage.dll
0x00007ff903df0000 - 0x00007ff904022000 	C:\WINDOWS\SYSTEM32\DBGHELP.DLL
0x00007ff907420000 - 0x00007ff9077b0000 	C:\WINDOWS\System32\combase.dll
0x00007ff908210000 - 0x00007ff9082e7000 	C:\WINDOWS\System32\OLEAUT32.dll
0x00007ff8f7c80000 - 0x00007ff8f7cb2000 	C:\WINDOWS\SYSTEM32\dbgcore.DLL
0x00007ff906ea0000 - 0x00007ff906f1b000 	C:\WINDOWS\System32\bcryptPrimitives.dll
0x00007ff8f7900000 - 0x00007ff8f7920000 	D:\Android Studio\jbr\bin\java.dll
0x00007ff8f78e0000 - 0x00007ff8f78f8000 	D:\Android Studio\jbr\bin\zip.dll
0x00007ff908550000 - 0x00007ff908dc8000 	C:\WINDOWS\System32\SHELL32.dll
0x00007ff9043e0000 - 0x00007ff904cf0000 	C:\WINDOWS\SYSTEM32\windows.storage.dll
0x00007ff9042a0000 - 0x00007ff9043df000 	C:\WINDOWS\SYSTEM32\wintypes.dll
0x00007ff906f50000 - 0x00007ff90705a000 	C:\WINDOWS\System32\SHCORE.dll
0x00007ff9083c0000 - 0x00007ff90841e000 	C:\WINDOWS\System32\shlwapi.dll
0x00007ff906410000 - 0x00007ff90643b000 	C:\WINDOWS\SYSTEM32\profapi.dll
0x00007ff8fc8a0000 - 0x00007ff8fc8b0000 	D:\Android Studio\jbr\bin\net.dll
0x00007ff902bb0000 - 0x00007ff902cdc000 	C:\WINDOWS\SYSTEM32\WINHTTP.dll
0x00007ff9059a0000 - 0x00007ff905a0a000 	C:\WINDOWS\system32\mswsock.dll
0x00007ff8f2140000 - 0x00007ff8f2156000 	D:\Android Studio\jbr\bin\nio.dll
0x00007ff8f78d0000 - 0x00007ff8f78e0000 	D:\Android Studio\jbr\bin\verify.dll

dbghelp: loaded successfully - version: 4.0.5 - missing functions: none
symbol engine: initialized successfully - sym options: 0x614 - pdb path: .;D:\Android Studio\jbr\bin;C:\WINDOWS\SYSTEM32;C:\WINDOWS\WinSxS\amd64_microsoft.windows.common-controls_6595b64144ccf1df_6.0.22621.4830_none_270fe7d773858e80;D:\Android Studio\jbr\bin\server

VM Arguments:
java_command: org.jetbrains.kotlin.cli.jvm.K2JVMCompiler @D:\immunify-PAPB-\app\build\20251110_15797076366578882198.compiler.options
java_class_path (initial): D:\Android\.gradle\caches\modules-2\files-2.1\org.jetbrains.kotlin\kotlin-compiler-embeddable\2.0.21\79346ed53db48b18312a472602eb5c057070c54d\kotlin-compiler-embeddable-2.0.21.jar;D:\Android\.gradle\caches\modules-2\files-2.1\org.jetbrains.kotlin\kotlin-stdlib\2.0.21\618b539767b4899b4660a83006e052b63f1db551\kotlin-stdlib-2.0.21.jar;D:\Android\.gradle\caches\modules-2\files-2.1\org.jetbrains.kotlin\kotlin-script-runtime\2.0.21\c9b044380ad41f89aa89aa896c2d32a8c0b2129d\kotlin-script-runtime-2.0.21.jar;D:\Android\.gradle\caches\modules-2\files-2.1\org.jetbrains.kotlin\kotlin-reflect\1.6.10\1cbe9c92c12a94eea200d23c2bbaedaf3daf5132\kotlin-reflect-1.6.10.jar;D:\Android\.gradle\caches\modules-2\files-2.1\org.jetbrains.kotlin\kotlin-daemon-embeddable\2.0.21\c9e933b23287de9b5a17e2116b4657bb91aea72c\kotlin-daemon-embeddable-2.0.21.jar;D:\Android\.gradle\caches\modules-2\files-2.1\org.jetbrains.intellij.deps\trove4j\1.0.20200330\3afb14d5f9ceb459d724e907a21145e8ff394f02\trove4j-1.0.20200330.jar;D:\Android\.gradle\caches\modules-2\files-2.1\org.jetbrains.kotlinx\kotlinx-coroutines-core-jvm\1.6.4\2c997cd1c0ef33f3e751d3831929aeff1390cb30\kotlinx-coroutines-core-jvm-1.6.4.jar;D:\Android\.gradle\caches\modules-2\files-2.1\org.jetbrains\annotations\13.0\919f0dfe192fb4e063e7dacadee7f8bb9a2672a9\annotations-13.0.jar
Launcher Type: SUN_STANDARD

[Global flags]
     intx CICompilerCount                          = 12                                        {product} {ergonomic}
     uint ConcGCThreads                            = 3                                         {product} {ergonomic}
     uint G1ConcRefinementThreads                  = 13                                        {product} {ergonomic}
   size_t G1HeapRegionSize                         = 4194304                                   {product} {ergonomic}
    uintx GCDrainStackTargetSize                   = 64                                        {product} {ergonomic}
   size_t InitialHeapSize                          = 398458880                                 {product} {ergonomic}
   size_t MarkStackSize                            = 4194304                                   {product} {ergonomic}
   size_t MaxHeapSize                              = 6362759168                                {product} {ergonomic}
   size_t MaxNewSize                               = 3816816640                                {product} {ergonomic}
   size_t MinHeapDeltaBytes                        = 4194304                                   {product} {ergonomic}
   size_t MinHeapSize                              = 8388608                                   {product} {ergonomic}
    uintx NonNMethodCodeHeapSize                   = 7602480                                {pd product} {ergonomic}
    uintx NonProfiledCodeHeapSize                  = 122027880                              {pd product} {ergonomic}
    uintx ProfiledCodeHeapSize                     = 122027880                              {pd product} {ergonomic}
    uintx ReservedCodeCacheSize                    = 251658240                              {pd product} {ergonomic}
     bool SegmentedCodeCache                       = true                                      {product} {ergonomic}
   size_t SoftMaxHeapSize                          = 6362759168                             {manageable} {ergonomic}
     bool UseCompressedOops                        = true                           {product lp64_product} {ergonomic}
     bool UseG1GC                                  = true                                      {product} {ergonomic}
     bool UseLargePagesIndividualAllocation        = false                                  {pd product} {ergonomic}

Logging:
Log output configuration:
 #0: stdout all=warning uptime,level,tags foldmultilines=false
 #1: stderr all=off uptime,level,tags foldmultilines=false

Environment Variables:
JAVA_HOME=C:\Program Files\Java\jdk-17
PATH=C:\Program Files\Eclipse Adoptium\jdk-17.0.16.8-hotspot\bin;C:\Python313\Scripts\;C:\Python313\;C:\Program Files (x86)\Common Files\Intel\Shared Libraries\redist\intel64\compiler;C:\Program Files\Common Files\Oracle\Java\javapath;C:\WINDOWS\system32;C:\WINDOWS;C:\WINDOWS\System32\Wbem;C:\WINDOWS\System32\WindowsPowerShell\v1.0\;C:\WINDOWS\System32\OpenSSH\;C:\Program Files\Java\jdk-20\bin;C:\Program Files\Git\cmd;C:\Program Files\WireGuard\;C:\Program Files\Microsoft SQL Server\120\Tools\Binn\;C:\Program Files\Microsoft SQL Server\Client SDK\ODBC\110\Tools\Binn\;C:\Program Files (x86)\Microsoft SQL Server\120\Tools\Binn\;C:\Program Files\Microsoft SQL Server\120\DTS\Binn\;C:\Program Files (x86)\Microsoft SQL Server\120\Tools\Binn\ManagementStudio\;C:\Program Files (x86)\Microsoft SQL Server\120\DTS\Binn\;C:\Program Files (x86)\Gradle\gradle-8.10.2\bin;C:\Program Files\PuTTY\;C:\ProgramData\chocolatey\bin;D:\Node.js\;C:\Program Files (x86)\Microsoft SQL Server\160\Tools\Binn\;C:\Program Files\Microsoft SQL Server\160\Tools\Binn\;C:\Program Files\Microsoft SQL Server\Client SDK\ODBC\170\Tools\Binn\;C:\Program Files\Microsoft SQL Server\160\DTS\Binn\;C:\Program Files (x86)\Microsoft SQL Server\160\DTS\Binn\;D:\android_sdk\emulator;D:\android_sdk\platform-tools;D:\android_sdk\cmdline-tools\latest\bin;C:\Program Files\Java\jdk-17;D:\Downloads\flutter_windows_3.29.3-stable\flutter\bin;C:\Users\Rhesa Tsaqif\AppData\Local\Programs\Python\Python311\Scripts\;C:\Users\Rhesa Tsaqif\AppData\Local\Programs\Python\Python311\;C:\Users\Rhesa Tsaqif\AppData\Local\Microsoft\WindowsApps;C:\Users\Rhesa Tsaqif\AppData\Local\Programs\Microsoft VS Code\bin;C:\Users\Rhesa Tsaqif\AppData\Local\GitHubDesktop\bin;D:\XAMPP\php;C:\Users\Rhesa Tsaqif\AppData\Local\ComposerSetup\bin;C:\Users\Rhesa Tsaqif\AppData\Roaming\Composer\vendor\bin;C:\Users\Rhesa Tsaqif\AppData\Roaming\npm;
USERNAME=Rhesa Tsaqif
OS=Windows_NT
PROCESSOR_IDENTIFIER=Intel64 Family 6 Model 154 Stepping 3, GenuineIntel
TMP=C:\Users\RHESAT~1\AppData\Local\Temp
TEMP=C:\Users\RHESAT~1\AppData\Local\Temp




Periodic native trim disabled

JNI global refs:
JNI global refs: 23, weak refs: 4

JNI global refs memory usage: 835, weak refs: 833

Process memory usage:
Resident Set Size: 709392K (2% of 24852556K total physical memory with 3609612K free physical memory)

OOME stack traces (most recent first):
Classloader memory used:
Loader jdk.internal.loader.ClassLoaders$AppClassLoader                                 : 84446K
Loader bootstrap                                                                       : 11972K
Loader java.net.URLClassLoader                                                         : 2758K

---------------  S Y S T E M  ---------------

OS:
 Windows 11 , 64 bit Build 22621 (10.0.22621.4830)
OS uptime: 0 days 12:30 hours
Hyper-V role detected

CPU: total 16 (initial active 16) (8 cores per cpu, 2 threads per core) family 6 model 154 stepping 3 microcode 0x41b, cx8, cmov, fxsr, ht, mmx, 3dnowpref, sse, sse2, sse3, ssse3, sse4.1, sse4.2, popcnt, lzcnt, tsc, tscinvbit, avx, avx2, aes, erms, clmul, bmi1, bmi2, adx, sha, fma, vzeroupper, clflush, clflushopt, clwb, hv, serialize, rdtscp, rdpid, fsrm, f16c, cet_ibt, cet_ss
Processor Information for processor 0
  Max Mhz: 2500, Current Mhz: 2500, Mhz Limit: 2500
Processor Information for processor 1
  Max Mhz: 2500, Current Mhz: 2500, Mhz Limit: 2500
Processor Information for processor 2
  Max Mhz: 2500, Current Mhz: 2500, Mhz Limit: 2500
Processor Information for processor 3
  Max Mhz: 2500, Current Mhz: 1532, Mhz Limit: 2500
Processor Information for processor 4
  Max Mhz: 2500, Current Mhz: 2500, Mhz Limit: 2500
Processor Information for processor 5
  Max Mhz: 2500, Current Mhz: 2500, Mhz Limit: 2500
Processor Information for processor 6
  Max Mhz: 2500, Current Mhz: 2500, Mhz Limit: 2500
Processor Information for processor 7
  Max Mhz: 2500, Current Mhz: 2500, Mhz Limit: 2500
Processor Information for processor 8
  Max Mhz: 2500, Current Mhz: 1800, Mhz Limit: 1800
Processor Information for processor 9
  Max Mhz: 2500, Current Mhz: 1500, Mhz Limit: 1800
Processor Information for processor 10
  Max Mhz: 2500, Current Mhz: 1800, Mhz Limit: 1800
Processor Information for processor 11
  Max Mhz: 2500, Current Mhz: 1800, Mhz Limit: 1800
Processor Information for processor 12
  Max Mhz: 2500, Current Mhz: 1800, Mhz Limit: 1800
Processor Information for processor 13
  Max Mhz: 2500, Current Mhz: 1800, Mhz Limit: 1800
Processor Information for processor 14
  Max Mhz: 2500, Current Mhz: 1800, Mhz Limit: 1800
Processor Information for processor 15
  Max Mhz: 2500, Current Mhz: 1800, Mhz Limit: 1800

Memory: 4k page, system-wide physical 24270M (3516M free)
TotalPageFile size 26318M (AvailPageFile size 28M)
current process WorkingSet (physical memory assigned to process): 695M, peak: 695M
current process commit charge ("private bytes"): 729M, peak: 783M

vm_info: OpenJDK 64-Bit Server VM (21.0.7+-13880790-b1038.58) for windows-amd64 JRE (21.0.7+-13880790-b1038.58), built on 2025-08-04T20:56:21Z by "builder" with MS VC++ 16.10 / 16.11 (VS2019)

END.
